
  .   ____          _            __ _ _
 /\\ / ___'_ __ _ _(_)_ __  __ _ \ \ \ \
( ( )\___ | '_ | '_| | '_ \/ _` | \ \ \ \
 \\/  ___)| |_)| | | | | || (_| |  ) ) ) )
  '  |____| .__|_| |_|_| |_\__, | / / / /
 =========|_|==============|___/=/_/_/_/

 :: Spring Boot ::                (v3.3.5)

2025-11-20 00:12:20 - Starting HomeHeavenApplication v0.0.1-SNAPSHOT using Java 21.0.9 with PID 17287 (/Users/anmol/Downloads/homeheaven-main/target/home-heaven-0.0.1-SNAPSHOT.jar started by anmol in /Users/anmol/Downloads/homeheaven-main)
2025-11-20 00:12:20 - Running with Spring Boot v3.3.5, Spring v6.1.14
2025-11-20 00:12:20 - No active profile set, falling back to 1 default profile: "default"
2025-11-20 00:12:20 - Bootstrapping Spring Data JPA repositories in DEFAULT mode.
2025-11-20 00:12:20 - Finished Spring Data repository scanning in 18 ms. Found 3 JPA repository interfaces.
2025-11-20 00:12:20 - Tomcat initialized with port 8080 (http)
2025-11-20 00:12:20 - Starting service [Tomcat]
2025-11-20 00:12:20 - Starting Servlet engine: [Apache Tomcat/10.1.31]
2025-11-20 00:12:20 - Initializing Spring embedded WebApplicationContext
2025-11-20 00:12:20 - Root WebApplicationContext: initialization completed in 602 ms
2025-11-20 00:12:20 - HHH000204: Processing PersistenceUnitInfo [name: default]
2025-11-20 00:12:20 - HHH000412: Hibernate ORM core version 6.5.3.Final
2025-11-20 00:12:20 - HHH000026: Second-level cache disabled
2025-11-20 00:12:21 - No LoadTimeWeaver setup: ignoring JPA class transformer
2025-11-20 00:12:21 - HikariPool-1 - Starting...
2025-11-20 00:12:21 - HikariPool-1 - Added connection com.mysql.cj.jdbc.ConnectionImpl@46c662f2
2025-11-20 00:12:21 - HikariPool-1 - Start completed.
2025-11-20 00:12:21 - HHH90000025: MySQL8Dialect does not need to be specified explicitly using 'hibernate.dialect' (remove the property setting and it will be selected by default)
2025-11-20 00:12:21 - HHH90000026: MySQL8Dialect has been deprecated; use org.hibernate.dialect.MySQLDialect instead
2025-11-20 00:12:21 - HHH000489: No JTA platform available (set 'hibernate.transaction.jta.platform' to enable JTA platform integration)
2025-11-20 00:12:21 - Initialized JPA EntityManagerFactory for persistence unit 'default'
2025-11-20 00:12:21 - Filter 'jwtAuthenticationFilter' configured for use
2025-11-20 00:12:21 - Global AuthenticationManager configured with AuthenticationProvider bean with name authenticationProvider
2025-11-20 00:12:21 - Global AuthenticationManager configured with an AuthenticationProvider bean. UserDetailsService beans will not be used for username/password login. Consider removing the AuthenticationProvider bean. Alternatively, consider using the UserDetailsService in a manually instantiated DaoAuthenticationProvider.
2025-11-20 00:12:21 - Hibernate is in classpath; If applicable, HQL parser will be used.
2025-11-20 00:12:22 - Upload directory created at: /Users/anmol/Downloads/homeheaven-main/uploads
2025-11-20 00:12:22 - 22 mappings in 'requestMappingHandlerMapping'
2025-11-20 00:12:22 - Patterns [/webjars/**, /**, /uploads/**] in 'resourceHandlerMapping'
2025-11-20 00:12:22 - Will secure any request with filters: DisableEncodeUrlFilter, WebAsyncManagerIntegrationFilter, SecurityContextHolderFilter, HeaderWriterFilter, LogoutFilter, JwtAuthenticationFilter, RequestCacheAwareFilter, SecurityContextHolderAwareRequestFilter, AnonymousAuthenticationFilter, SessionManagementFilter, ExceptionTranslationFilter, AuthorizationFilter
2025-11-20 00:12:22 - ControllerAdvice beans: 0 @ModelAttribute, 0 @InitBinder, 1 RequestBodyAdvice, 1 ResponseBodyAdvice
2025-11-20 00:12:22 - ControllerAdvice beans: 1 @ExceptionHandler, 1 ResponseBodyAdvice
2025-11-20 00:12:22 - Cannot find template location: classpath:/templates/ (please add some templates, check your Thymeleaf configuration, or set spring.thymeleaf.check-template-location=false)
2025-11-20 00:12:22 - Tomcat started on port 8080 (http) with context path '/'
2025-11-20 00:12:22 - Started HomeHeavenApplication in 2.326 seconds (process running for 2.515)
2025-11-20 00:13:02 - Initializing Spring DispatcherServlet 'dispatcherServlet'
2025-11-20 00:13:02 - Initializing Servlet 'dispatcherServlet'
2025-11-20 00:13:02 - Detected StandardServletMultipartResolver
2025-11-20 00:13:02 - Detected AcceptHeaderLocaleResolver
2025-11-20 00:13:02 - Detected FixedThemeResolver
2025-11-20 00:13:02 - Detected org.springframework.web.servlet.view.DefaultRequestToViewNameTranslator@e287fd1
2025-11-20 00:13:02 - Detected org.springframework.web.servlet.support.SessionFlashMapManager@6a76eef
2025-11-20 00:13:02 - enableLoggingRequestDetails='false': request parameters and headers will be masked to prevent unsafe logging of potentially sensitive data
2025-11-20 00:13:02 - Completed initialization in 1 ms
2025-11-20 00:13:02 - Securing POST /api/auth/login
2025-11-20 00:13:02 - Set SecurityContextHolder to anonymous SecurityContext
2025-11-20 00:13:02 - Secured POST /api/auth/login
2025-11-20 00:13:02 - POST "/api/auth/login", parameters={}
2025-11-20 00:13:02 - Mapped to com.homeheaven.controller.AuthController#login(LoginRequest)
2025-11-20 00:13:02 - Read "application/json;charset=UTF-8" to [LoginRequest(username=admin, password=admin123)]
2025-11-20 00:13:02 - POST /api/auth/login - username: admin
2025-11-20 00:13:02 - User login attempt: admin
Hibernate: 
    select
        u1_0.id,
        u1_0.created_at,
        u1_0.email,
        u1_0.is_active,
        u1_0.last_login,
        u1_0.password_hash,
        u1_0.phone,
        u1_0.pin,
        u1_0.role,
        u1_0.updated_at,
        u1_0.username 
    from
        users u1_0 
    where
        u1_0.username=?
2025-11-20 00:13:02 - Authenticated user
Hibernate: 
    select
        u1_0.id,
        u1_0.created_at,
        u1_0.email,
        u1_0.is_active,
        u1_0.last_login,
        u1_0.password_hash,
        u1_0.phone,
        u1_0.pin,
        u1_0.role,
        u1_0.updated_at,
        u1_0.username 
    from
        users u1_0 
    where
        u1_0.username=?
2025-11-20 00:13:02 - User logged in successfully: admin
Hibernate: 
    update
        users 
    set
        email=?,
        is_active=?,
        last_login=?,
        password_hash=?,
        phone=?,
        pin=?,
        role=?,
        updated_at=?,
        username=? 
    where
        id=?
2025-11-20 00:13:02 - Using 'application/json', given [*/*] and supported [application/json, application/*+json]
2025-11-20 00:13:02 - Writing [AuthResponse(token=eyJhbGciOiJIUzUxMiJ9.eyJzdWIiOiJhZG1pbiIsImlhdCI6MTc2MzU3Nzc4MiwiZXhwIjoxNzYzNjY0 (truncated)...]
2025-11-20 00:13:02 - Completed 200 OK
2025-11-20 00:13:02 - Securing GET /api/admin/dashboard/stats
Hibernate: 
    select
        u1_0.id,
        u1_0.created_at,
        u1_0.email,
        u1_0.is_active,
        u1_0.last_login,
        u1_0.password_hash,
        u1_0.phone,
        u1_0.pin,
        u1_0.role,
        u1_0.updated_at,
        u1_0.username 
    from
        users u1_0 
    where
        u1_0.username=?
2025-11-20 00:13:02 - Set authentication for user: admin
2025-11-20 00:13:02 - Secured GET /api/admin/dashboard/stats
2025-11-20 00:13:02 - GET "/api/admin/dashboard/stats", parameters={}
2025-11-20 00:13:02 - Mapped to com.homeheaven.controller.AdminController#getDashboardStats()
2025-11-20 00:13:02 - Authorizing method invocation ReflectiveMethodInvocation: public org.springframework.http.ResponseEntity com.homeheaven.controller.AdminController.getDashboardStats(); target is of class [com.homeheaven.controller.AdminController]
2025-11-20 00:13:02 - Authorized method invocation ReflectiveMethodInvocation: public org.springframework.http.ResponseEntity com.homeheaven.controller.AdminController.getDashboardStats(); target is of class [com.homeheaven.controller.AdminController]
2025-11-20 00:13:02 - GET /api/admin/dashboard/stats
Hibernate: 
    select
        count(*) 
    from
        users u1_0
Hibernate: 
    select
        count(u1_0.id) 
    from
        users u1_0 
    where
        u1_0.is_active=?
Hibernate: 
    select
        count(*) 
    from
        properties p1_0
Hibernate: 
    select
        count(p1_0.id) 
    from
        properties p1_0 
    where
        p1_0.is_available=?
2025-11-20 00:13:02 - Dashboard stats retrieved: 6 users, 6 properties
2025-11-20 00:13:02 - Using 'application/json', given [*/*] and supported [application/json, application/*+json]
2025-11-20 00:13:02 - Writing [{availableProperties=6, totalUsers=6, totalProperties=6, activeUsers=6, blockedUsers=0, unavailableP (truncated)...]
2025-11-20 00:13:02 - Completed 200 OK
2025-11-20 00:13:02 - Securing GET /api/admin/users
Hibernate: 
    select
        u1_0.id,
        u1_0.created_at,
        u1_0.email,
        u1_0.is_active,
        u1_0.last_login,
        u1_0.password_hash,
        u1_0.phone,
        u1_0.pin,
        u1_0.role,
        u1_0.updated_at,
        u1_0.username 
    from
        users u1_0 
    where
        u1_0.username=?
2025-11-20 00:13:02 - Set authentication for user: admin
2025-11-20 00:13:02 - Secured GET /api/admin/users
2025-11-20 00:13:02 - GET "/api/admin/users", parameters={}
2025-11-20 00:13:02 - Mapped to com.homeheaven.controller.AdminController#getAllUsers()
2025-11-20 00:13:02 - Authorizing method invocation ReflectiveMethodInvocation: public org.springframework.http.ResponseEntity com.homeheaven.controller.AdminController.getAllUsers(); target is of class [com.homeheaven.controller.AdminController]
2025-11-20 00:13:02 - Authorized method invocation ReflectiveMethodInvocation: public org.springframework.http.ResponseEntity com.homeheaven.controller.AdminController.getAllUsers(); target is of class [com.homeheaven.controller.AdminController]
2025-11-20 00:13:02 - GET /api/admin/users
Hibernate: 
    select
        u1_0.id,
        u1_0.created_at,
        u1_0.email,
        u1_0.is_active,
        u1_0.last_login,
        u1_0.password_hash,
        u1_0.phone,
        u1_0.pin,
        u1_0.role,
        u1_0.updated_at,
        u1_0.username 
    from
        users u1_0
2025-11-20 00:13:02 - Retrieved 6 users
Hibernate: 
    select
        p1_0.id,
        p1_0.address,
        p1_0.city,
        p1_0.created_at,
        p1_0.description,
        p1_0.is_available,
        p1_0.name,
        p1_0.owner_id,
        p1_0.property_type,
        p1_0.rent,
        p1_0.sharing_option,
        p1_0.sqft,
        p1_0.updated_at,
        p1_0.view_count 
    from
        properties p1_0 
    where
        p1_0.owner_id=?
Hibernate: 
    select
        p1_0.id,
        p1_0.address,
        p1_0.city,
        p1_0.created_at,
        p1_0.description,
        p1_0.is_available,
        p1_0.name,
        p1_0.owner_id,
        p1_0.property_type,
        p1_0.rent,
        p1_0.sharing_option,
        p1_0.sqft,
        p1_0.updated_at,
        p1_0.view_count 
    from
        properties p1_0 
    where
        p1_0.owner_id=?
Hibernate: 
    select
        p1_0.id,
        p1_0.address,
        p1_0.city,
        p1_0.created_at,
        p1_0.description,
        p1_0.is_available,
        p1_0.name,
        p1_0.owner_id,
        p1_0.property_type,
        p1_0.rent,
        p1_0.sharing_option,
        p1_0.sqft,
        p1_0.updated_at,
        p1_0.view_count 
    from
        properties p1_0 
    where
        p1_0.owner_id=?
Hibernate: 
    select
        p1_0.id,
        p1_0.address,
        p1_0.city,
        p1_0.created_at,
        p1_0.description,
        p1_0.is_available,
        p1_0.name,
        p1_0.owner_id,
        p1_0.property_type,
        p1_0.rent,
        p1_0.sharing_option,
        p1_0.sqft,
        p1_0.updated_at,
        p1_0.view_count 
    from
        properties p1_0 
    where
        p1_0.owner_id=?
Hibernate: 
    select
        p1_0.id,
        p1_0.address,
        p1_0.city,
        p1_0.created_at,
        p1_0.description,
        p1_0.is_available,
        p1_0.name,
        p1_0.owner_id,
        p1_0.property_type,
        p1_0.rent,
        p1_0.sharing_option,
        p1_0.sqft,
        p1_0.updated_at,
        p1_0.view_count 
    from
        properties p1_0 
    where
        p1_0.owner_id=?
Hibernate: 
    select
        p1_0.id,
        p1_0.address,
        p1_0.city,
        p1_0.created_at,
        p1_0.description,
        p1_0.is_available,
        p1_0.name,
        p1_0.owner_id,
        p1_0.property_type,
        p1_0.rent,
        p1_0.sharing_option,
        p1_0.sqft,
        p1_0.updated_at,
        p1_0.view_count 
    from
        properties p1_0 
    where
        p1_0.owner_id=?
2025-11-20 00:13:02 - Using 'application/json', given [*/*] and supported [application/json, application/*+json]
2025-11-20 00:13:02 - Writing [[UserResponse(id=1, username=john_doe, email=john@example.com, phone=9876543210, role=USER, isActive (truncated)...]
2025-11-20 00:13:02 - Completed 200 OK
2025-11-20 00:13:02 - Securing GET /api/admin/properties
Hibernate: 
    select
        u1_0.id,
        u1_0.created_at,
        u1_0.email,
        u1_0.is_active,
        u1_0.last_login,
        u1_0.password_hash,
        u1_0.phone,
        u1_0.pin,
        u1_0.role,
        u1_0.updated_at,
        u1_0.username 
    from
        users u1_0 
    where
        u1_0.username=?
2025-11-20 00:13:02 - Set authentication for user: admin
2025-11-20 00:13:02 - Secured GET /api/admin/properties
2025-11-20 00:13:02 - GET "/api/admin/properties", parameters={}
2025-11-20 00:13:02 - Mapped to com.homeheaven.controller.AdminController#getAllProperties()
2025-11-20 00:13:02 - Authorizing method invocation ReflectiveMethodInvocation: public org.springframework.http.ResponseEntity com.homeheaven.controller.AdminController.getAllProperties(); target is of class [com.homeheaven.controller.AdminController]
2025-11-20 00:13:02 - Authorized method invocation ReflectiveMethodInvocation: public org.springframework.http.ResponseEntity com.homeheaven.controller.AdminController.getAllProperties(); target is of class [com.homeheaven.controller.AdminController]
2025-11-20 00:13:02 - GET /api/admin/properties
Hibernate: 
    select
        p1_0.id,
        p1_0.address,
        p1_0.city,
        p1_0.created_at,
        p1_0.description,
        p1_0.is_available,
        p1_0.name,
        p1_0.owner_id,
        p1_0.property_type,
        p1_0.rent,
        p1_0.sharing_option,
        p1_0.sqft,
        p1_0.updated_at,
        p1_0.view_count 
    from
        properties p1_0
2025-11-20 00:13:02 - Retrieved 6 properties
Hibernate: 
    select
        i1_0.property_id,
        i1_0.id,
        i1_0.display_order,
        i1_0.image_path,
        i1_0.is_primary,
        i1_0.uploaded_at 
    from
        property_images i1_0 
    where
        i1_0.property_id=?
Hibernate: 
    select
        u1_0.id,
        u1_0.created_at,
        u1_0.email,
        u1_0.is_active,
        u1_0.last_login,
        u1_0.password_hash,
        u1_0.phone,
        u1_0.pin,
        u1_0.role,
        u1_0.updated_at,
        u1_0.username 
    from
        users u1_0 
    where
        u1_0.id=?
Hibernate: 
    select
        i1_0.property_id,
        i1_0.id,
        i1_0.display_order,
        i1_0.image_path,
        i1_0.is_primary,
        i1_0.uploaded_at 
    from
        property_images i1_0 
    where
        i1_0.property_id=?
Hibernate: 
    select
        u1_0.id,
        u1_0.created_at,
        u1_0.email,
        u1_0.is_active,
        u1_0.last_login,
        u1_0.password_hash,
        u1_0.phone,
        u1_0.pin,
        u1_0.role,
        u1_0.updated_at,
        u1_0.username 
    from
        users u1_0 
    where
        u1_0.id=?
Hibernate: 
    select
        i1_0.property_id,
        i1_0.id,
        i1_0.display_order,
        i1_0.image_path,
        i1_0.is_primary,
        i1_0.uploaded_at 
    from
        property_images i1_0 
    where
        i1_0.property_id=?
Hibernate: 
    select
        i1_0.property_id,
        i1_0.id,
        i1_0.display_order,
        i1_0.image_path,
        i1_0.is_primary,
        i1_0.uploaded_at 
    from
        property_images i1_0 
    where
        i1_0.property_id=?
Hibernate: 
    select
        u1_0.id,
        u1_0.created_at,
        u1_0.email,
        u1_0.is_active,
        u1_0.last_login,
        u1_0.password_hash,
        u1_0.phone,
        u1_0.pin,
        u1_0.role,
        u1_0.updated_at,
        u1_0.username 
    from
        users u1_0 
    where
        u1_0.id=?
Hibernate: 
    select
        i1_0.property_id,
        i1_0.id,
        i1_0.display_order,
        i1_0.image_path,
        i1_0.is_primary,
        i1_0.uploaded_at 
    from
        property_images i1_0 
    where
        i1_0.property_id=?
Hibernate: 
    select
        i1_0.property_id,
        i1_0.id,
        i1_0.display_order,
        i1_0.image_path,
        i1_0.is_primary,
        i1_0.uploaded_at 
    from
        property_images i1_0 
    where
        i1_0.property_id=?
Hibernate: 
    select
        u1_0.id,
        u1_0.created_at,
        u1_0.email,
        u1_0.is_active,
        u1_0.last_login,
        u1_0.password_hash,
        u1_0.phone,
        u1_0.pin,
        u1_0.role,
        u1_0.updated_at,
        u1_0.username 
    from
        users u1_0 
    where
        u1_0.id=?
2025-11-20 00:13:02 - Using 'application/json', given [*/*] and supported [application/json, application/*+json]
2025-11-20 00:13:02 - Writing [[PropertyResponse(id=1, name=Cozy 2BHK Apartment in Andheri, address=123 Main Street, Andheri West,  (truncated)...]
2025-11-20 00:13:02 - Completed 200 OK
